d:\@@@project@@@\tetris_c\tetris_new_s\tetris_new\debug\vc142.pdb
d:\@@@project@@@\tetris_c\tetris_new_s\tetris_new\debug\vc142.idb
d:\@@@project@@@\tetris_c\tetris_new_s\tetris_new\debug\update.obj
d:\@@@project@@@\tetris_c\tetris_new_s\tetris_new\debug\render.obj
d:\@@@project@@@\tetris_c\tetris_new_s\tetris_new\debug\input.obj
d:\@@@project@@@\tetris_c\tetris_new_s\tetris_new\debug\init.obj
d:\@@@project@@@\tetris_c\tetris_new_s\tetris_new\debug\game_system.obj
d:\@@@project@@@\tetris_c\tetris_new_s\tetris_new\debug\simulate.obj
d:\@@@project@@@\tetris_c\tetris_new_s\tetris_new\debug\main.obj
d:\@@@project@@@\tetris_c\tetris_new_s\tetris_new\debug\opdisplay.obj
d:\@@@project@@@\tetris_c\tetris_new_s\tetris_new\debug\buffer.obj
d:\@@@project@@@\tetris_c\tetris_new_s\debug\tetris_new.pdb
d:\@@@project@@@\tetris_c\tetris_new_s\tetris_new\debug\tetris_new.tlog\cl.command.1.tlog
d:\@@@project@@@\tetris_c\tetris_new_s\tetris_new\debug\tetris_new.tlog\cl.read.1.tlog
d:\@@@project@@@\tetris_c\tetris_new_s\tetris_new\debug\tetris_new.tlog\cl.write.1.tlog
d:\@@@project@@@\tetris_c\tetris_new_s\tetris_new\debug\tetris_new.tlog\link.21864-cvtres.read.1.tlog
d:\@@@project@@@\tetris_c\tetris_new_s\tetris_new\debug\tetris_new.tlog\link.21864-cvtres.write.1.tlog
d:\@@@project@@@\tetris_c\tetris_new_s\tetris_new\debug\tetris_new.tlog\link.21864-rc.read.1.tlog
d:\@@@project@@@\tetris_c\tetris_new_s\tetris_new\debug\tetris_new.tlog\link.21864-rc.write.1.tlog
d:\@@@project@@@\tetris_c\tetris_new_s\tetris_new\debug\tetris_new.tlog\link.21864.read.1.tlog
d:\@@@project@@@\tetris_c\tetris_new_s\tetris_new\debug\tetris_new.tlog\link.21864.write.1.tlog
d:\@@@project@@@\tetris_c\tetris_new_s\tetris_new\debug\tetris_new.tlog\link.command.1.tlog
d:\@@@project@@@\tetris_c\tetris_new_s\tetris_new\debug\tetris_new.tlog\link.read.1.tlog
d:\@@@project@@@\tetris_c\tetris_new_s\tetris_new\debug\tetris_new.tlog\link.write.1.tlog
